<?xml version="1.0" encoding="UTF-8"?>
<!-- Generated by org.testng.reporters.JUnitReportReporter -->
<testsuite skipped="0" hostname="DESKTOP-91B7HJ8" name="test.AddContactTest" tests="1" failures="0" timestamp="15 Jun 2019 18:29:38 GMT" time="12.842" errors="0">
  <testcase name="usersCanAddContact" time="12.842" classname="test.AddContactTest"/>
</testsuite> <!-- test.AddContactTest -->
