<?xml version="1.0" encoding="UTF-8"?>
<!-- Generated by org.testng.reporters.JUnitReportReporter -->
<testsuite skipped="0" hostname="DESKTOP-91B7HJ8" name="test.LoginTest" tests="1" failures="0" timestamp="15 Jun 2019 16:23:42 GMT" time="8.966" errors="0">
  <testcase name="loginTestForUsers" time="8.966" classname="test.LoginTest"/>
</testsuite> <!-- test.LoginTest -->
