<?xml version="1.0" encoding="UTF-8"?>
<!-- Generated by org.testng.reporters.JUnitReportReporter -->
<testsuite hostname="LAPTOP-S244PV3I" failures="0" tests="1" name="test.AddContactTest" time="12.519" errors="0" timestamp="15 Jun 2019 19:00:27 GMT" skipped="0">
  <testcase classname="test.AddContactTest" name="usersCanAddContact" time="12.519"/>
</testsuite> <!-- test.AddContactTest -->
